error	1479	5
error	1503	5
error	1962	5
error	43	5
error	245	5
error	335	5
error	416	5
error	1871	5
error	699	5
error	816	5
error	927	5
error	928	5
error	304	5
error	454	5
error	414	5
error	93	5
error	152	5
error	1270	5
error	1587	5
error	1715	5
error	252	5
error	290	5
error	575	4
error	720	5
error	555	5
error	1334	5
error	1474	5
error	685	5
error	777	5
error	857	5
error	1430	5
error	1652	5
error	1063	5
error	1197	5
error	1255	5
error	1542	5
error	403	5
error	483	5
error	1076	5
error	1404	5
error	1970	5
error	371	5
error	431	5
error	551	5
error	1778	5
error	659	5
error	390	5
error	1477	5
error	1817	5
error	1484	5
error	1659	5
error	287	4
error	496	5
error	853	5
error	1327	5
error	262	5
error	1734	5
error	1815	5
error	2002	5
error	1263	5
error	2011	5
error	516	5
error	774	5
error	1493	5
error	1577	5
error	4	5
error	294	5
error	436	5
error	474	5
error	1904	5
error	174	5
error	494	5
error	985	5
error	1088	5
error	102	5
error	210	5
error	834	5
error	1603	5
error	1993	5
error	428	5
error	601	5
error	767	5
error	860	5
error	1989	5
error	41	5
error	1534	5
error	1590	5
error	1965	5
error	73	5
error	355	5
error	370	5
error	36	5
error	527	5
error	1576	5
error	415	5
error	1029	5
error	1093	5
error	1456	5
error	946	5
error	1403	5
error	180	5
error	843	5
error	953	5
error	1356	5
error	1978	5
error	75	5
error	461	5
error	1609	5
error	1894	5
error	1918	5
error	1	5
error	302	5
error	681	5
error	771	5
error	1159	5
error	1277	5
error	1895	5
error	1931	5
error	79	5
error	230	5
error	924	5
error	1115	5
error	1594	5
error	351	5
error	409	5
error	616	5
error	1003	5
error	911	5
error	1942	5
error	2015	4
error	264	5
error	752	5
error	1797	5
error	1851	5
error	402	5
error	746	5
error	1078	5
error	1725	5
error	1908	5
error	87	5
error	204	5
error	825	5
error	1800	5
error	432	5
error	697	5
error	1475	5
error	395	5
error	1241	5
error	1875	5
error	1969	5
error	1431	5
error	1835	5
error	327	5
error	1196	5
error	1396	5
error	1428	5
error	186	5
error	535	5
error	595	5
error	710	5
error	566	5
error	799	5
error	1958	5
error	412	5
error	964	5
error	1107	5
error	1239	5
error	1579	5
error	1650	5
error	1798	5
error	169	5
error	318	5
error	766	5
error	916	5
error	1225	5
error	1354	5
error	289	5
error	389	5
error	426	5
error	729	5
error	758	5
error	1199	5
error	1518	5
error	1878	5
error	32	5
error	78	5
error	467	5
error	475	5
error	1976	5
error	315	5
error	719	5
error	1614	5
error	104	5
error	185	5
error	1067	5
error	1529	5
error	1016	5
error	1303	5
error	628	5
error	988	5
error	1117	5
error	35	5
error	116	5
error	1383	5
error	1883	5
error	224	5
error	942	5
error	1522	5
error	0	4
error	1037	5
error	1134	5
error	1623	5
error	1506	5
error	533	5
error	741	5
error	836	5
error	1122	5
error	269	5
error	567	5
error	859	5
error	1195	5
error	1281	5
error	1795	5
error	1108	5
error	1387	5
error	222	5
error	442	5
error	716	5
error	856	5
error	661	5
error	895	5
error	1799	5
error	1889	5
error	1719	5
error	587	5
error	731	5
error	1995	5
error	65	5
error	1262	5
error	1930	5
error	91	5
error	285	5
error	937	5
error	1118	5
error	1086	5
error	1105	5
error	40	5
error	437	5
error	862	5
error	1454	5
error	340	5
error	1519	5
error	1553	5
error	1756	5
error	197	5
error	874	5
error	894	5
error	1286	5
error	671	5
error	1025	5
error	1296	5
error	1440	4
error	142	5
error	379	5
error	439	5
error	558	5
error	2003	5
error	27	5
error	1080	5
error	1336	5
error	1726	5
error	2013	5
error	69	5
error	101	5
error	145	5
error	609	5
error	1058	5
error	1119	5
error	1783	5
error	1803	5
error	121	5
error	209	5
error	216	5
error	246	5
error	311	5
error	326	5
error	55	5
error	388	5
error	999	5
error	1138	5
error	1510	5
error	1610	5
error	189	5
error	218	5
error	247	5
error	959	5
error	1261	5
error	1639	5
error	1981	5
error	176	5
error	280	5
error	537	5
error	582	5
error	755	5
error	991	5
error	1412	5
error	1945	5
error	175	5
error	600	5
error	1481	5
error	1932	5
error	572	5
error	770	5
error	885	5
error	438	5
error	168	5
error	1543	5
error	1882	5
error	1974	5
error	130	5
error	1743	5
error	1986	5
error	325	5
error	1330	5
error	1536	5
error	1550	5
error	1772	5
error	1847	5
error	2005	5
error	1395	5
error	1524	5
error	1693	5
error	1751	5
error	1802	5
error	33	5
error	359	5
error	422	5
error	1384	5
error	708	5
error	2008	5
error	232	5
error	425	5
error	1012	5
error	1695	5
error	1148	5
error	1487	5
error	1390	5
error	1470	5
error	1556	5
error	1562	5
error	244	5
error	257	5
error	523	5
error	1000	5
error	1684	5
error	1790	5
error	1612	5
error	854	5
error	1185	5
error	1324	5
error	1478	5
error	1991	5
error	663	5
error	1376	5
error	1391	5
error	1938	5
error	26	5
error	1010	5
error	149	5
error	339	5
error	614	5
error	649	5
error	963	5
error	1047	5
error	181	5
error	832	5
error	207	5
error	1311	5
error	1359	5
error	1669	5
error	1198	5
error	139	5
error	878	5
error	1023	5
error	1168	5
error	5	5
error	728	5
error	195	5
error	965	5
error	1247	5
error	259	5
error	1312	5
error	490	5
error	1947	5
error	553	5
error	1721	5
error	1589	5
error	1634	5
error	215	5
error	1205	5
error	1301	5
error	1332	5
error	591	5
error	1360	5
error	652	5
error	802	5
error	1051	5
error	1578	5
error	773	5
error	1560	5
error	1245	5
error	1260	5
error	1740	5
error	171	5
error	331	5
error	459	5
error	972	5
error	787	5
error	913	5
error	1366	5
error	1821	5
error	1890	5
error	62	5
error	1289	5
error	1300	5
error	1452	5
error	1252	5
error	1707	5
error	1210	5
error	1679	5
error	214	5
error	603	5
error	635	5
error	1144	5
error	1207	5
error	333	5
error	622	5
error	932	5
error	1041	5
error	23	5
error	724	5
error	923	5
error	1282	5
error	1106	5
error	1601	5
error	1450	5
error	1584	5
error	1780	5
error	1711	5
error	497	5
error	584	5
error	1460	5
error	1619	5
error	9	5
error	421	5
error	536	5
error	795	5
error	90	5
error	468	5
error	1314	5
error	1418	5
error	1091	5
error	1500	5
error	1644	5
error	360	5
error	640	5
error	676	5
error	938	5
error	790	5
error	1033	5
error	1059	5
error	167	5
error	295	5
error	424	5
error	715	5
error	1914	5
error	238	5
error	657	5
error	807	5
error	990	5
error	37	5
error	445	5
error	830	5
error	975	5
error	1083	5
error	1705	5
error	66	5
error	119	5
error	373	5
error	682	5
error	744	5
error	861	5
error	915	5
error	77	5
error	113	5
error	267	5
error	272	5
error	1733	5
error	150	5
error	561	5
error	718	5
error	1433	5
error	738	5
error	1030	5
error	1053	5
error	1471	5
error	1742	5
error	543	5
error	900	5
error	1357	5
error	1680	5
error	1509	5
error	1860	5
error	1220	5
error	1468	5
error	1971	5
error	1862	5
error	629	5
error	1157	5
error	1192	5
error	1599	5
error	1320	5
error	1409	5
error	1616	5
error	1668	5
error	89	5
error	288	3
error	1065	5
error	1400	5
error	1670	5
error	1723	5
error	2	5
error	320	5
error	1283	5
error	1559	5
error	1158	5
error	1832	5
error	46	5
error	47	5
error	63	5
error	488	5
error	151	5
error	981	5
error	328	5
error	647	5
error	1042	5
error	123	5
error	778	5
error	952	5
error	1181	5
error	958	5
error	1043	5
error	337	5
error	1472	5
error	282	5
error	945	5
error	1805	5
error	1746	5
error	1861	5
error	2006	5
error	241	5
error	751	5
error	1527	5
error	1950	5
error	683	5
error	1212	5
error	261	5
error	1019	5
error	1237	5
error	1246	5
error	776	5
error	569	5
error	1049	5
error	632	5
error	879	5
error	910	5
error	1443	5
error	1924	5
error	618	5
error	941	5
error	1062	5
error	1699	5
error	279	5
error	1149	5
error	1435	5
error	550	5
error	604	5
error	1194	5
error	1611	5
error	534	5
error	1038	5
error	1113	5
error	1291	5
error	138	5
error	321	5
error	694	5
error	957	5
error	510	5
error	651	5
error	1367	5
error	1103	5
error	1749	5
error	366	5
error	471	5
error	559	5
error	580	5
error	599	5
error	852	5
error	1116	5
error	202	5
error	256	5
error	401	5
error	423	5
error	1175	5
error	1328	5
error	34	5
error	233	5
error	727	5
error	1060	5
error	54	5
error	806	5
error	1235	5
error	1813	5
error	48	5
error	111	5
error	1769	5
error	1948	5
error	1960	5
error	128	5
error	344	5
error	912	5
error	979	5
error	804	5
error	1222	5
error	1416	5
error	1985	5
error	441	5
error	1251	5
error	1961	5
error	60	5
error	392	5
error	393	5
error	547	5
error	179	5
error	420	5
error	1545	5
error	1980	5
error	1689	5
error	2010	5
error	206	5
error	585	5
error	919	5
error	1243	5
error	212	5
error	263	5
error	608	5
error	765	5
error	11	5
error	479	5
error	1035	5
error	1469	5
error	1437	5
error	457	5
error	794	5
error	901	5
error	1254	5
error	1683	5
error	1891	5
error	506	5
error	571	5
error	1178	5
error	1495	5
error	1598	5
error	1844	5
error	59	5
error	187	5
error	384	5
error	1307	5
error	254	5
error	556	5
error	1462	5
error	1677	5
error	15	5
error	173	5
error	193	5
error	273	5
error	29	5
error	463	5
error	492	5
error	361	5
error	545	5
error	1213	5
error	1410	5
error	1081	5
error	1295	5
error	1319	5
error	85	5
error	219	5
error	410	5
error	890	5
error	1285	5
error	800	5
error	905	5
error	270	5
error	323	5
error	597	5
error	713	5
error	709	5
error	1489	5
error	31	5
error	53	5
error	664	5
error	1018	5
error	1202	5
error	1258	5
error	163	5
error	654	5
error	749	5
error	1987	5
error	1183	5
error	1473	5
error	427	5
error	602	5
error	745	5
error	977	5
error	98	5
error	1831	5
error	1984	5
error	1990	5
error	1072	5
error	1377	5
error	1436	5
error	1903	5
error	8	5
error	1242	5
error	1386	5
error	1498	5
error	1268	5
error	1866	5
error	655	5
error	750	5
error	954	5
error	1022	5
error	1321	5
error	1338	5
error	1448	5
error	25	5
error	531	5
error	782	5
error	1005	5
error	477	5
error	485	5
error	590	5
error	512	5
error	656	5
error	1447	5
error	1704	5
error	352	5
error	850	5
error	1127	5
error	1154	5
error	22	5
error	49	5
error	1201	5
error	1564	5
error	1174	5
error	380	5
error	660	5
error	733	5
error	909	5
error	498	5
error	1054	5
error	1944	5
error	158	5
error	518	5
error	1762	5
error	1792	5
error	1808	5
error	548	5
error	658	5
error	1624	5
error	1761	5
error	213	5
error	350	5
error	1347	5
error	1909	5
error	120	5
error	666	5
error	1706	5
error	841	5
error	1293	5
error	1681	5
error	1708	5
error	1888	5
error	76	5
error	679	5
error	1240	5
error	1279	5
error	284	5
error	826	5
error	1074	5
error	57	5
error	1394	5
error	1413	5
error	1850	5
error	126	5
error	881	5
error	1741	5
error	829	5
error	1537	5
error	1569	5
error	1928	5
error	68	5
error	1229	5
error	1309	5
error	648	5
error	1288	5
error	1555	5
error	1902	5
error	1823	5
error	74	5
error	387	5
error	1182	5
error	1618	5
error	1363	5
error	1402	5
error	1884	5
error	1885	5
error	296	5
error	383	5
error	662	5
error	1046	5
error	1407	5
error	1425	5
error	1826	5
error	1912	5
error	607	5
error	723	5
error	817	5
error	1421	5
error	1949	5
error	645	5
error	701	5
error	1605	5
error	1646	5
error	1933	5
error	188	5
error	258	5
error	1552	5
error	1759	5
error	1920	5
error	1936	5
error	1432	5
error	1838	5
error	56	5
error	1176	5
error	1873	5
error	322	5
error	1165	5
error	1881	5
error	155	5
error	844	5
error	902	5
error	1101	5
error	1905	5
error	81	5
error	133	5
error	1541	5
error	1729	5
error	491	5
error	1535	5
error	1539	5
error	1653	5
error	1923	5
error	346	5
error	557	5
error	593	5
error	842	5
error	231	5
error	530	5
error	677	5
error	734	5
error	1935	5
error	753	5
error	1193	5
error	1628	5
error	1845	5
error	1486	5
error	381	5
error	897	5
error	563	5
error	1151	4
error	1793	5
error	509	5
error	889	5
error	1274	5
error	1317	5
error	1517	5
error	1567	5
error	162	5
error	305	5
error	637	5
error	1299	5
error	705	5
error	1130	5
error	1514	5
error	1954	5
error	1442	5
error	1748	5
error	1876	5
error	353	5
error	450	5
error	754	5
error	1066	5
error	668	5
error	1290	5
error	1735	5
error	971	5
error	1203	5
error	1941	5
error	223	5
error	1955	5
error	275	5
error	336	5
error	1736	5
error	1764	5
error	50	5
error	888	5
error	1238	5
error	1606	5
error	1098	5
error	1814	5
error	28	5
error	109	5
error	1014	5
error	1558	5
error	1896	5
error	134	5
error	348	5
error	1141	5
error	1491	5
error	672	5
error	1206	5
error	1310	5
error	1501	5
error	1218	5
error	196	5
error	1973	5
error	1092	5
error	1841	5
error	17	5
error	495	5
error	870	5
error	949	5
error	2009	5
error	358	5
error	783	5
error	1253	5
error	1304	5
error	819	5
error	863	4
error	1208	5
error	1663	5
error	1703	5
error	1216	5
error	1224	5
error	1406	5
error	1480	5
error	404	5
error	884	5
error	1737	5
error	1842	5
error	227	5
error	998	5
error	1806	5
error	1901	5
error	621	5
error	891	5
error	1302	5
error	1532	5
error	578	5
error	882	5
error	1828	5
error	1642	5
error	1716	5
error	354	5
error	739	5
error	1184	5
error	1580	5
error	725	5
error	1859	5
error	1869	5
error	1204	5
error	136	5
error	349	5
error	625	5
error	811	5
error	612	5
error	967	5
error	1040	5
error	1071	5
error	1515	5
error	64	5
error	784	5
error	903	5
error	1457	5
error	1186	5
error	1893	5
error	266	5
error	308	5
error	638	5
error	814	5
error	368	5
error	541	5
error	1276	5
error	1572	5
error	1458	5
error	1819	5
error	297	5
error	406	5
error	717	5
error	1136	5
error	1250	5
error	1887	5
error	24	5
error	499	5
error	596	5
error	1200	5
error	147	5
error	271	5
error	1011	5
error	1632	5
error	818	5
error	1173	5
error	1994	5
error	1779	5
error	1818	5
error	240	5
error	462	5
error	646	5
error	1125	5
error	562	5
error	930	5
error	1169	5
error	502	5
error	883	5
error	1110	5
error	1827	5
error	1171	5
error	1340	5
error	1482	5
error	201	5
error	334	5
error	624	5
error	1162	5
error	1444	5
error	1916	5
error	38	5
error	613	5
error	820	5
error	1015	5
error	678	5
error	1180	5
error	1855	5
error	476	5
error	1516	5
error	1824	5
error	1877	5
error	430	5
error	576	4
error	798	5
error	317	5
error	1597	5
error	1385	5
error	1701	5
error	564	5
error	840	5
error	848	5
error	849	5
error	704	5
error	1591	5
error	1032	5
error	1345	5
error	203	5
error	375	5
error	538	5
error	797	5
error	242	5
error	1329	5
error	1492	5
error	1507	5
error	140	5
error	507	5
error	980	5
error	1085	5
error	1494	5
error	801	5
error	846	5
error	887	5
error	1052	5
error	237	5
error	1348	5
error	1648	5
error	1911	5
error	277	5
error	2007	5
error	706	5
error	1465	5
error	1830	5
error	929	5
error	1146	5
error	1627	5
error	1718	5
error	1368	5
error	1581	5
error	1712	5
error	161	5
error	166	5
error	631	5
error	1211	5
error	1867	5
error	129	5
error	851	5
error	1685	5
error	1822	5
error	1090	5
error	1837	5
error	97	5
error	194	5
error	307	5
error	780	5
error	39	5
error	1525	5
error	1992	5
error	1017	5
error	1388	5
error	42	5
error	249	5
error	528	5
error	934	5
error	1096	5
error	1422	5
error	225	5
error	365	5
error	377	5
error	908	5
error	80	5
error	636	5
error	893	5
error	2004	5
error	356	5
error	408	5
error	1269	5
error	1350	5
error	1417	5
error	114	5
error	875	5
error	675	5
error	742	5
error	1227	5
error	1449	5
error	1602	5
error	1917	5
error	1951	5
error	251	5
error	501	5
error	686	5
error	1109	5
error	86	5
error	737	5
error	1233	5
error	1690	5
error	1775	5
error	1979	5
error	382	5
error	1531	5
error	1686	5
error	1696	5
error	141	5
error	822	5
error	918	5
error	16	5
error	627	5
error	1692	5
error	1789	5
error	702	5
error	788	5
error	1593	5
error	208	5
error	1028	5
error	2012	5
error	1294	5
error	1306	5
error	1621	5
error	1625	5
error	511	5
error	847	5
error	1166	5
error	1551	5
error	892	5
error	989	5
error	1013	5
error	1557	5
error	283	5
error	298	5
error	759	5
error	781	5
error	1732	5
error	673	5
error	1267	5
error	1399	5
error	1538	5
error	1044	5
error	1811	5
error	1886	5
error	1073	5
error	1100	5
error	310	5
error	539	5
error	956	5
error	1264	5
error	1613	5
error	132	5
error	1853	5
error	3	5
error	810	5
error	1846	5
error	931	5
error	970	5
error	118	5
error	143	5
error	357	5
error	482	5
error	1839	5
error	397	5
error	1223	5
error	1583	5
error	1687	5
error	1050	5
error	1771	5
error	935	5
error	1414	5
error	1678	5
error	1874	5
error	524	5
error	581	5
error	1361	5
error	1658	5
error	1946	5
error	1710	5
error	182	5
error	1142	5
error	1236	5
error	1530	5
error	205	5
error	433	5
error	1034	5
error	1833	5
error	1061	5
error	1540	5
error	1548	5
error	1820	5
error	10	5
error	159	5
error	521	5
error	757	5
error	944	5
error	1069	5
error	1137	5
error	1358	5
error	1228	5
error	1337	5
error	1374	5
error	1392	5
error	513	5
error	606	5
error	1002	5
error	1055	5
error	1415	5
error	1451	5
error	1574	5
error	1600	5
error	1915	5
error	221	5
error	643	5
error	1765	5
error	1864	5
error	1257	5
error	1455	5
error	1561	5
error	1957	5
error	1461	5
error	1774	5
error	148	5
error	235	5
error	274	5
error	448	5
error	278	5
error	478	5
error	1464	5
error	200	5
error	762	5
error	1341	5
error	108	5
error	300	5
error	386	5
error	691	5
error	519	5
error	813	5
error	592	5
error	1140	5
error	1596	5
error	1858	5
error	786	5
error	996	5
error	1434	5
error	1631	5
error	1937	5
error	1963	5
error	489	5
error	987	5
error	1156	5
error	1622	5
error	385	5
error	515	5
error	1380	5
error	1694	5
error	394	5
error	978	5
error	992	5
error	146	5
error	407	5
error	845	5
error	1379	5
error	1335	5
error	1523	5
error	1754	5
error	1810	5
error	1880	5
error	12	5
error	217	5
error	1502	5
error	1513	5
error	58	5
error	634	5
error	1505	5
error	1713	5
error	1791	5
error	250	5
error	276	5
error	867	5
error	1009	5
error	465	5
error	1420	5
error	1635	5
error	1959	5
error	1346	5
error	1411	5
error	1787	5
error	1485	5
error	1758	5
error	1121	5
error	1123	5
error	1147	5
error	1419	5
error	1087	5
error	1170	5
error	1230	5
error	1375	5
error	549	5
error	775	5
error	960	5
error	1068	5
error	1661	5
error	2001	5
error	821	5
error	1048	5
error	1453	5
error	1724	5
error	184	5
error	689	5
error	698	5
error	747	5
error	260	5
error	1804	5
error	1114	5
error	1676	5
error	1843	5
error	1952	5
error	997	5
error	1143	5
error	1342	5
error	1728	4
error	458	5
error	707	5
error	735	5
error	968	5
error	1781	5
error	1857	5
error	1750	5
error	1996	5
error	435	5
error	532	5
error	615	5
error	1563	5
error	1870	5
error	115	5
error	367	5
error	579	5
error	1441	5
error	1777	5
error	281	5
error	763	5
error	914	5
error	973	5
error	1089	5
error	1179	5
error	1372	5
error	1604	5
error	552	5
error	837	5
error	974	5
error	993	5
error	369	5
error	674	5
error	1020	5
error	1424	5
error	1617	5
error	82	5
error	1722	5
error	144	5
error	330	5
error	605	5
error	1369	5
error	1549	5
error	239	5
error	589	5
error	732	5
error	828	5
error	899	5
error	1024	5
error	1364	5
error	1496	5
error	95	5
error	469	5
error	839	5
error	936	5
error	1167	5
error	1446	5
error	124	5
error	190	5
error	517	5
error	546	5
error	1999	5
error	764	5
error	1278	5
error	1595	5
error	1655	5
error	1929	5
error	1070	5
error	1554	5
error	1582	5
error	1615	5
error	265	5
error	503	5
error	805	5
error	1027	5
error	1287	5
error	1331	5
error	1752	5
error	19	5
error	192	5
error	434	5
error	740	5
error	1738	5
error	1953	5
error	835	5
error	966	5
error	1132	5
error	1573	5
error	695	5
error	939	5
error	995	5
error	1967	5
error	1313	5
error	1586	5
error	345	5
error	769	5
error	1298	5
error	1333	5
error	1036	5
error	1292	5
error	1378	5
error	1925	5
error	363	5
error	505	5
error	868	5
error	1275	5
error	1057	5
error	1785	5
error	444	5
error	876	5
error	1575	5
error	1975	5
error	396	5
error	789	5
error	1145	5
error	1401	5
error	319	5
error	610	5
error	117	5
error	858	5
error	961	5
error	1370	5
error	2000	5
error	343	5
error	500	5
error	692	5
error	1641	5
error	633	5
error	869	5
error	1177	5
error	1745	5
error	154	5
error	626	5
error	803	5
error	1097	5
error	872	5
error	1095	5
error	1308	5
error	1906	5
error	226	5
error	693	5
error	986	5
error	1636	5
error	364	5
error	1153	5
error	1271	5
error	1755	5
error	1763	5
error	107	5
error	398	5
error	921	5
error	1362	5
error	94	5
error	1445	5
error	1773	5
error	100	5
error	338	5
error	680	5
error	1084	5
error	228	5
error	1026	5
error	920	5
error	925	5
error	1007	5
error	1526	5
error	211	5
error	570	5
error	700	5
error	796	5
error	1666	5
error	1926	5
error	110	5
error	721	5
error	873	5
error	1664	5
error	71	5
error	1249	5
error	1467	5
error	1698	5
error	904	5
error	1094	5
error	1217	5
error	1323	5
error	583	5
error	1840	5
error	45	5
error	940	5
error	1571	5
error	1812	5
error	684	5
error	823	5
error	1045	5
error	1124	5
error	827	5
error	1439	4
error	1897	5
error	153	5
error	309	5
error	630	5
error	1427	5
error	1647	5
error	96	5
error	568	5
error	948	5
error	1191	5
error	1483	5
error	1608	5
error	1865	5
error	1940	5
error	7	5
error	21	5
error	253	5
error	1284	5
error	665	5
error	1927	5
error	1720	5
error	1744	5
error	122	5
error	598	5
error	1187	5
error	1688	5
error	268	5
error	1629	5
error	976	5
error	1129	5
error	1339	5
error	1768	5
error	20	5
error	199	5
error	1638	5
error	1476	5
error	1645	5
error	1972	5
error	446	5
error	642	5
error	951	5
error	1371	5
error	669	5
error	1570	5
error	1266	5
error	1393	5
error	172	5
error	229	5
error	726	5
error	1256	5
error	44	5
error	243	5
error	1139	5
error	1209	5
error	1671	5
error	165	5
error	824	5
error	1111	5
error	1654	5
error	1248	5
error	1463	5
error	1630	5
error	1807	5
error	83	5
error	451	5
error	594	5
error	1079	5
error	419	5
error	577	5
error	1351	5
error	1665	5
error	1231	5
error	255	5
error	522	5
error	736	5
error	907	5
error	183	5
error	1730	5
error	313	5
error	926	5
error	1907	5
error	1921	5
error	429	5
error	791	5
error	1135	5
error	1714	5
error	1259	5
error	1660	5
error	1816	5
error	1899	5
error	962	5
error	1651	5
error	1767	5
error	1898	5
error	191	5
error	1163	5
error	1588	5
error	1640	5
error	1373	5
error	14	5
error	871	5
error	950	5
error	1344	5
error	1868	5
error	248	5
error	529	5
error	653	5
error	1326	5
error	1547	5
error	1365	5
error	1408	5
error	234	5
error	866	5
error	947	5
error	1001	5
error	160	5
error	650	5
error	1512	5
error	156	5
error	449	5
error	504	5
error	896	5
error	703	5
error	1856	5
error	99	5
error	131	5
error	514	5
error	623	5
error	544	5
error	760	5
error	1643	5
error	785	5
error	51	5
error	324	5
error	714	5
error	1674	5
error	464	5
error	1219	5
error	1316	5
error	198	5
error	1131	5
error	1879	5
error	1913	5
error	1006	5
error	1405	5
error	301	5
error	880	5
error	969	5
error	52	5
error	730	5
error	1104	5
error	1910	5
error	565	5
error	984	5
error	1150	5
error	112	5
error	452	5
error	362	5
error	1265	5
error	1667	5
error	1739	5
error	1426	5
error	1757	5
error	670	5
error	722	5
error	779	5
error	1128	5
error	1788	5
error	1943	5
error	170	5
error	391	5
error	639	5
error	1620	5
error	1770	5
error	92	5
error	712	5
error	792	5
error	1649	5
error	1900	5
error	178	5
error	1397	5
error	1673	5
error	1998	5
error	347	5
error	1031	5
error	1221	5
error	1508	5
error	748	5
error	1520	5
error	1849	5
error	306	5
error	574	5
error	1672	5
error	1272	5
error	470	5
error	617	5
error	1700	5
error	1760	5
error	342	5
error	933	5
error	1702	5
error	1782	5
error	405	5
error	619	5
error	833	5
error	1152	4
error	1273	5
error	1297	5
error	1565	5
error	1964	5
error	299	5
error	303	5
error	526	5
error	611	5
error	1968	5
error	1533	5
error	1786	5
error	220	5
error	812	5
error	943	5
error	1244	5
error	372	5
error	922	5
error	1848	5
error	554	5
error	994	5
error	1064	5
error	1829	5
error	455	5
error	1709	5
error	1988	5
error	1863	5
error	332	5
error	743	5
error	1352	5
error	1776	5
error	1626	5
error	1892	5
error	137	5
error	809	5
error	1075	5
error	1343	5
error	1155	5
error	1592	5
error	1691	5
error	1497	5
error	1429	5
error	1784	5
error	1852	5
error	1934	5
error	314	5
error	453	5
error	493	5
error	620	5
error	1133	5
error	1568	5
error	374	5
error	418	5
error	688	5
error	906	5
error	456	5
error	542	5
error	1504	5
error	1727	4
error	1919	5
error	1922	5
error	67	5
error	1126	5
error	1490	5
error	2014	5
error	1766	5
error	105	5
error	440	5
error	1039	5
error	1215	5
error	525	5
error	1189	5
error	1318	5
error	376	5
error	508	5
error	1675	5
error	18	5
error	983	5
error	1747	5
error	588	5
error	1164	5
error	1488	5
error	61	5
error	1607	5
error	1389	5
error	1398	5
error	1637	5
error	1825	5
error	466	5
error	667	5
error	1232	5
error	1315	5
error	1021	5
error	1190	5
error	1794	5
error	1801	5
error	6	5
error	135	5
error	292	5
error	768	5
error	1809	5
error	88	5
error	399	5
error	1102	5
error	1982	5
error	1662	5
error	1966	5
error	312	5
error	481	5
error	756	5
error	1633	5
error	400	5
error	1499	5
error	1753	5
error	1528	5
error	30	5
error	877	5
error	1234	5
error	1280	5
error	378	5
error	1226	5
error	1305	5
error	1796	5
error	793	5
error	1854	5
error	1939	5
error	417	5
error	1353	5
error	864	4
error	917	5
error	1731	5
error	1872	5
error	487	5
error	520	5
error	711	5
error	1322	5
error	644	5
error	1112	5
error	1355	5
error	1459	5
error	236	5
error	443	5
error	696	5
error	1008	5
error	1546	5
error	1585	5
error	1682	5
error	125	5
error	291	5
error	329	5
error	687	5
error	1161	5
error	1656	5
error	286	5
error	1466	5
error	1983	5
error	473	5
error	540	5
error	1349	5
error	1438	5
error	1566	5
error	586	5
error	772	5
error	855	5
error	1077	5
error	1160	5
error	1382	5
error	316	5
error	460	5
error	484	5
error	1099	5
error	84	5
error	1381	5
error	573	5
error	690	5
error	447	5
error	560	5
error	1956	5
error	1997	5
error	413	5
error	103	5
error	341	5
error	808	5
error	1544	5
error	72	5
error	641	5
error	982	5
error	1056	5
error	480	5
error	13	5
error	831	5
error	886	5
error	1511	5
error	1172	5
error	1214	5
error	1521	5
error	1697	5
error	1834	5
error	1977	5
error	106	5
error	411	5
error	815	5
error	838	5
error	1120	5
error	1657	5
error	472	5
error	486	5
error	955	5
error	1004	5
error	70	5
error	127	5
error	157	5
error	177	5
error	1188	5
error	1325	5
error	164	5
error	865	5
error	293	5
error	898	5
error	1717	5
error	761	5
error	1082	5
error	1423	5
error	1836	5
